<?xml version="1.0" encoding="UTF-8"?>
<!-- Generated by org.testng.reporters.JUnitXMLReporter -->
<testsuite hostname="Macs-MacBook-Pro.local" ignored="5" name="Default test" tests="1" failures="0" timestamp="01 Apr 2021 15:13:05 GMT" time="40.289" errors="0">
  <testcase name="Verify_to_Logout_of_Buyer" time="40.161" classname="Shopping.Agosh.Testsuit"/>
  <testcase name="Verify_Login_Details_of_seller" time="0.0" classname="Shopping.Agosh.Testsuit">
    <ignored/>
  </testcase> <!-- Verify_Login_Details_of_seller -->
  <testcase name="Verify_to_Register_New_Account_for_Buyer" time="0.0" classname="Shopping.Agosh.Testsuit">
    <ignored/>
  </testcase> <!-- Verify_to_Register_New_Account_for_Buyer -->
  <testcase name="Verify_to_Register_New_Account_for_Seller" time="0.0" classname="Shopping.Agosh.Testsuit">
    <ignored/>
  </testcase> <!-- Verify_to_Register_New_Account_for_Seller -->
  <testcase name="Verify_to_Logout_of_Seller" time="0.0" classname="Shopping.Agosh.Testsuit">
    <ignored/>
  </testcase> <!-- Verify_to_Logout_of_Seller -->
  <testcase name="Verify_Login_Details_of_buyer" time="0.0" classname="Shopping.Agosh.Testsuit">
    <ignored/>
  </testcase> <!-- Verify_Login_Details_of_buyer -->
</testsuite> <!-- Default test -->
