<?xml version="1.0" encoding="UTF-8"?>
<!-- Generated by org.testng.reporters.JUnitXMLReporter -->
<testsuite hostname="Macs-MacBook-Pro.local" ignored="1" name="Verify Login Details of Seller" tests="1" failures="0" timestamp="31 Mar 2021 16:32:22 GMT" time="30.806" errors="0">
  <testcase name="Verify_Login_Details_of_seller" time="30.713" classname="Shopping.Agosh.Testsuit"/>
  <testcase name="Verify_Login_Details_of_buyer" time="0.0" classname="Shopping.Agosh.Testsuit">
    <ignored/>
  </testcase> <!-- Verify_Login_Details_of_buyer -->
</testsuite> <!-- Verify Login Details of Seller -->
