<?xml version="1.0" encoding="UTF-8"?>
<!-- Generated by org.testng.reporters.JUnitXMLReporter -->
<testsuite hostname="Macs-MacBook-Pro.local" ignored="1" name="Verify Login Details of buyer" tests="1" failures="0" timestamp="31 Mar 2021 16:31:46 GMT" time="31.665" errors="0">
  <testcase name="Verify_Login_Details_of_buyer" time="31.553" classname="Shopping.Agosh.Testsuit"/>
  <testcase name="Verify_Login_Details_of_seller" time="0.0" classname="Shopping.Agosh.Testsuit">
    <ignored/>
  </testcase> <!-- Verify_Login_Details_of_seller -->
</testsuite> <!-- Verify Login Details of buyer -->
